#! /usr/share/iverilog-0.10.0/bin/vvp
:ivl_version "0.10.0 (devel)" "(v0_9_6)";
:ivl_delay_selection "TYPICAL";
:vpi_time_precision + 0;
:vpi_module "system";
:vpi_module "vhdl_sys";
:vpi_module "v2005_math";
:vpi_module "va_math";
:vpi_module "v2009";
S_0x18085d0 .scope module, "BCD_tb" "BCD_tb" 2 2;
 .timescale 0 0;
v0x1819b90_0 .var "clk_tb", 0 0;
v0x1819c60_0 .var "rst_asyn_tb", 0 0;
S_0x18067b0 .scope module, "BCD_1" "BCD" 2 5, 3 2 0, S_0x18085d0;
 .timescale 0 0;
    .port_info 0 /INPUT 1 "clk"
    .port_info 1 /INPUT 1 "rst_asyn"
    .port_info 2 /OUTPUT 4 "Q_out"
v0x18069d0_0 .var "Q_out", 3 0;
v0x1819980_0 .net "clk", 0 0, v0x1819b90_0;  1 drivers
v0x1819a40_0 .net "rst_asyn", 0 0, v0x1819c60_0;  1 drivers
E_0x18089e0 .event posedge, v0x1819a40_0, v0x1819980_0;
    .scope S_0x18067b0;
T_0 ;
    %set/v v0x18069d0_0, 0, 4;
    %end;
    .thread T_0;
    .scope S_0x18067b0;
T_1 ;
    %wait E_0x18089e0;
    %load/v 8, v0x1819a40_0, 1;
    %jmp/0xz  T_1.0, 8;
    %set/v v0x18069d0_0, 0, 4;
    %jmp T_1.1;
T_1.0 ;
    %load/v 8, v0x18069d0_0, 4;
    %pad 12, 0, 2;
    %cmpi/u 8, 15, 6;
    %jmp/0xz  T_1.2, 4;
    %set/v v0x18069d0_0, 0, 4;
    %jmp T_1.3;
T_1.2 ;
    %load/v 8, v0x18069d0_0, 4;
    %movi 12, 1, 4;
    %add 12, 8, 4;
    %set/v v0x18069d0_0, 12, 4;
T_1.3 ;
T_1.1 ;
    %jmp T_1;
    .thread T_1;
    .scope S_0x18085d0;
T_2 ;
    %set/v v0x1819b90_0, 0, 1;
    %set/v v0x1819c60_0, 0, 1;
    %end;
    .thread T_2;
    .scope S_0x18085d0;
T_3 ;
    %delay 10, 0;
    %load/v 8, v0x1819b90_0, 1;
    %inv 8, 1;
    %set/v v0x1819b90_0, 8, 1;
    %jmp T_3;
    .thread T_3;
    .scope S_0x18085d0;
T_4 ;
    %delay 80, 0;
    %set/v v0x1819c60_0, 0, 1;
    %delay 10, 0;
    %set/v v0x1819c60_0, 1, 1;
    %delay 10, 0;
    %set/v v0x1819c60_0, 0, 1;
    %delay 320, 0;
    %vpi_call/w 2 17 "$finish" {0 0};
    %end;
    .thread T_4;
    .scope S_0x18085d0;
T_5 ;
    %vpi_call/w 2 20 "$dumpfile", "BCD.vcd" {0 0};
    %vpi_call/w 2 21 "$dumpvars", 1'sb0, S_0x18067b0 {0 0};
    %end;
    .thread T_5;
# The file index is used to find the file name in the following table.
:file_names 4;
    "N/A";
    "<interactive>";
    "testbench.sv";
    "design.sv";
